Success (1):
content 7479 _a-0000e2cb-d2c4-8000-23f0-01ef9001ef90_45671 "PAS_getPrimaryDetails"

Referenced precedents that were not exported (1):
content 7323 _a-0000e2cb-d2c4-8000-23f0-01ef9001ef90_44951

Trace:
2019-09-27 12:27:38.711 DEBUG content 7479 _a-0000e2cb-d2c4-8000-23f0-01ef9001ef90_45671 Begin transport.
2019-09-27 12:27:38.711 DEBUG content 7479 _a-0000e2cb-d2c4-8000-23f0-01ef9001ef90_45671 Retrieving object data.
2019-09-27 12:27:38.721 DEBUG content 7479 _a-0000e2cb-d2c4-8000-23f0-01ef9001ef90_45671 Setting uuids of object references.
2019-09-27 12:27:38.721 DEBUG content 7479 _a-0000e2cb-d2c4-8000-23f0-01ef9001ef90_45671 Processing reference: [Content:id=7427,versionId=-1,name=PAS_getPrimaryDetails,type=32,subtype=1,uuid=_a-0000e2cb-d2c4-8000-23f0-01ef9001ef90_45671,parent=7323]
2019-09-27 12:27:38.721 DEBUG content 7479 _a-0000e2cb-d2c4-8000-23f0-01ef9001ef90_45671 Processing reference: FreeformRule.forum
2019-09-27 12:27:38.722 DEBUG content 7479 _a-0000e2cb-d2c4-8000-23f0-01ef9001ef90_45671 Processing reference: FreeformRule.parent
2019-09-27 12:27:38.725 DEBUG content 7479 _a-0000e2cb-d2c4-8000-23f0-01ef9001ef90_45671 Processing reference: com.appiancorp.suiteapi.content.ContentRoleMap@97202f0[
  ContentRole[name=readers,inherit=true,allowForAll=false]
  ContentRole[name=authors,inherit=true,allowForAll=false]
  ContentRole[name=administrators,inherit=true,allowForAll=false]
  ContentRole[name=denyReaders,inherit=false,allowForAll=false]
  ContentRole[name=denyAuthors,inherit=false,allowForAll=false]
  ContentRole[name=denyAdministrators,inherit=false,allowForAll=false]
  securityVector=15:SEC_PUBLIC=true,SEC_CREATOR_ADMIN=false,SEC_INH_ADMIN=true,SEC_INH_EDITOR=true,SEC_INH_VIEWER=true,SEC_ALL_ADMIN=false,SEC_ALL_EDITOR=false,SEC_ALL_VIEWER=false
]
2019-09-27 12:27:38.725 DEBUG content 7479 _a-0000e2cb-d2c4-8000-23f0-01ef9001ef90_45671 Processing reference: ContentRole[name=readers,inherit=true,allowForAll=false]
2019-09-27 12:27:38.725 DEBUG content 7479 _a-0000e2cb-d2c4-8000-23f0-01ef9001ef90_45671 Processing reference: ContentRole[name=authors,inherit=true,allowForAll=false]
2019-09-27 12:27:38.725 DEBUG content 7479 _a-0000e2cb-d2c4-8000-23f0-01ef9001ef90_45671 Processing reference: ContentRole[name=administrators,inherit=true,allowForAll=false]
2019-09-27 12:27:38.725 DEBUG content 7479 _a-0000e2cb-d2c4-8000-23f0-01ef9001ef90_45671 Processing reference: ContentRole[name=denyReaders,inherit=false,allowForAll=false]
2019-09-27 12:27:38.725 DEBUG content 7479 _a-0000e2cb-d2c4-8000-23f0-01ef9001ef90_45671 Processing reference: ContentRole[name=denyAuthors,inherit=false,allowForAll=false]
2019-09-27 12:27:38.725 DEBUG content 7479 _a-0000e2cb-d2c4-8000-23f0-01ef9001ef90_45671 Processing reference: ContentRole[name=denyAdministrators,inherit=false,allowForAll=false]
2019-09-27 12:27:38.725 DEBUG content 7479 _a-0000e2cb-d2c4-8000-23f0-01ef9001ef90_45671 Completing produce.
2019-09-27 12:27:38.725 DEBUG content 7479 _a-0000e2cb-d2c4-8000-23f0-01ef9001ef90_45671 Exporting binary resources.
2019-09-27 12:27:38.725 DEBUG content 7479 _a-0000e2cb-d2c4-8000-23f0-01ef9001ef90_45671 Serializing object to XML.
2019-09-27 12:27:38.726 DEBUG content 7479 _a-0000e2cb-d2c4-8000-23f0-01ef9001ef90_45671 Object transported.
